number,value,params_batch_size,params_delta_min,params_fclayer1,params_fclayer2,params_first_conv_outchann,params_learning_rate,params_max_loss_reset,params_patience_plateau,params_patience_validation,params_second_conv_outchann,params_split_size,params_weight_decay,state
195,0.002401727996766567,40,0,120,30,8,0.00021702806233016444,1,0. 3,1,20,0.75,0.011716415202246212,COMPLETE
196,0.0010004757437855004,40,0.1,120,30,8,0.00019864683337305074,1,0. 3,1,20,0.75,0.0549864021903143,COMPLETE
197,0.007028640806674957,40,0.1,120,30,8,0.00018585469726045627,1,0. 3,1,24,0.75,0.06286828090743846,COMPLETE
198,0.0035608426667749883,40,0.1,120,30,8,0.0003095326078453158,1,0. 3,1,20,0.75,0.06569092460070307,COMPLETE
199,0.004372203256934881,40,0.1,120,30,8,0.000244845613297011,1,0. 3,1,20,0.75,0.053566413295974995,COMPLETE
