number,value,params_batch_size,params_delta_min,params_fclayer1,params_fclayer2,params_first_conv_outchann,params_learning_rate,params_max_loss_reset,params_patience_plateau,params_patience_validation,params_second_conv_outchann,params_split_size,params_weight_decay,state
0,0.017937415093183518,40,0.1,180,120,6,2.540837218314661e-05,9,1,2,20,0.7,0.013113003012118587,COMPLETE
1,0.12576113194227218,10,0,150,90,8,0.0006607659233362026,3,0. 3,3,20,0.7999999999999999,0.06316781722486256,COMPLETE
2,0.005096814334392547,50,0.1,120,0,8,0.00041677576698873173,3,1,1,20,0.7,0.06518444306478896,COMPLETE
3,0.0037311750929802656,40,0,180,0,12,8.406043510133569e-05,5,0. 3,0,16,0.7,0.04414014391730762,COMPLETE
4,0.0073001798242330555,30,0.1,180,120,12,5.049435127617096e-05,5,0. 3,1,20,0.7,0.015522677308232393,COMPLETE
5,0.006948996335268021,40,0,150,30,10,0.00011162977916851679,7,0. 3,3,20,0.75,0.0634833688977716,COMPLETE
6,0.011611031368374825,40,0.1,150,150,12,0.00016290875850409693,5,1,1,16,0.7,0.08214738574359073,COMPLETE
7,0.08612476587295533,30,0,150,0,6,8.342184503378581e-05,5,1,3,20,0.75,0.05700965975965482,COMPLETE
8,0.01124563679099083,50,0,120,0,12,0.00014684558968642493,9,1,3,20,0.7999999999999999,0.07199805839262256,COMPLETE
9,0.0007561525050550699,50,0.1,210,0,12,8.435943429568054e-05,1,0. 3,1,24,0.7999999999999999,0.029322326047452323,COMPLETE
10,0.051953803189098834,10,0.1,210,60,10,1.5147901472795335e-05,1,0. 3,0,24,0.7999999999999999,0.023281491089897334,COMPLETE
11,0.3324218463897705,50,0,210,30,10,4.0191964871162116e-05,1,0. 3,0,16,0.75,0.03417387301736832,COMPLETE
12,0.007489798311144114,40,0.1,210,30,12,0.0002780275514269637,3,0. 3,0,24,0.7999999999999999,0.036744332034181766,COMPLETE
13,0.006129997689276934,20,0,180,60,12,6.069858832861618e-05,7,0. 3,2,16,0.75,0.0237245045385208,COMPLETE
14,0.12432642817497254,50,0.1,210,0,10,1.0191946713086815e-05,1,0. 3,0,24,0.75,0.03947310982169695,COMPLETE
15,0.03852348327636719,40,0,180,30,12,0.00025639657987611776,7,0. 3,1,16,0.7999999999999999,0.02359386265944872,COMPLETE
16,0.02686607837677002,30,0,210,60,8,3.3152614971541786e-05,3,0. 3,2,24,0.7,0.0449083874764294,COMPLETE
17,0.00444546778453514,20,0.1,180,90,10,6.9735369400567e-05,1,0. 3,0,16,0.75,0.09730818700057244,COMPLETE
18,0.054493029117584225,50,0,210,0,12,0.0009901514077396182,7,0. 3,1,24,0.75,0.02806909182616937,COMPLETE
19,0.04903089702129364,30,0.1,180,30,10,2.2465822069095833e-05,3,0. 3,0,16,0.7999999999999999,0.016363508554594598,COMPLETE
20,0.018556172028183937,40,0,210,0,12,0.00011586433113990902,5,0. 3,1,24,0.7,0.04963594510943199,COMPLETE
21,0.028909056447446346,20,0.1,180,90,10,8.563286678167615e-05,1,0. 3,0,16,0.75,0.0907588110721133,COMPLETE
22,0.02178435493260622,20,0.1,180,90,10,6.350038472153127e-05,1,0. 3,0,16,0.7999999999999999,0.018604032597201312,COMPLETE
23,0.0071032635867595674,20,0.1,180,120,12,0.00017926389722448777,1,0. 3,0,16,0.75,0.010189251815637271,COMPLETE
24,0.11389807872474193,10,0.1,150,60,8,7.254684961401019e-05,3,0. 3,1,16,0.7,0.09851606768401268,COMPLETE
25,0.005172129223744075,30,0.1,180,90,10,3.550658293760933e-05,1,0. 3,0,16,0.75,0.04849304799719921,COMPLETE
26,0.02464182674884796,50,0.1,210,150,12,0.00024099758818606223,3,1,2,20,0.7999999999999999,0.03029863063320631,COMPLETE
27,0.06157004125416279,20,0.1,180,30,12,0.00011035023868449984,5,0. 3,1,20,0.7,0.04200570043503288,COMPLETE
28,0.0032830902375280855,40,0,150,120,10,4.900258508193286e-05,1,0. 3,0,16,0.75,0.07723285155374088,COMPLETE
29,0.025587603077292444,40,0,120,120,6,2.4032274595465933e-05,9,1,2,24,0.7,0.052815810173731624,COMPLETE
30,0.008819269575178623,40,0,150,150,8,5.166028393196072e-05,9,0. 3,1,16,0.75,0.07835987508767547,COMPLETE
31,0.003035209607332945,40,0,150,120,10,4.385896776293089e-05,1,0. 3,0,16,0.75,0.0857381362151393,COMPLETE
32,0.04153424978256225,50,0,150,120,10,4.216680246580829e-05,1,0. 3,0,16,0.75,0.07315764813261524,COMPLETE
33,0.0131568169221282,40,0,120,150,8,2.9214052641715045e-05,3,0. 3,0,16,0.75,0.057291936032883656,COMPLETE
34,0.00866471990942955,50,0,150,120,10,1.9155310886152215e-05,1,0. 3,0,20,0.7999999999999999,0.08409515492081732,COMPLETE
35,0.012187600259979565,30,0,150,120,12,4.608994517270329e-05,3,0. 3,1,20,0.7,0.02697690888608891,COMPLETE
36,0.010975475423038006,40,0,150,150,10,9.903058856070577e-05,1,1,0,16,0.7,0.06536626066692011,COMPLETE
37,0.0015924714272841812,40,0,120,90,12,0.00013703127923152372,3,0. 3,1,20,0.75,0.019765425326352223,COMPLETE
38,0.001411555870436132,40,0,120,90,12,0.0003852725906610684,3,0. 3,1,20,0.75,0.01925723324273926,COMPLETE
39,0.05561388492584229,50,0,120,90,12,0.0004127410814079034,3,1,1,20,0.75,0.01981514501270477,COMPLETE
40,0.0015720229363068937,40,0,120,90,12,0.0005558042108468157,5,0. 3,1,20,0.75,0.012881471848934668,COMPLETE
41,0.001527246297337115,40,0,120,90,12,0.000517606553946635,5,0. 3,1,20,0.75,0.013493726616029844,COMPLETE
42,0.030224543064832687,30,0,120,90,12,0.0005522855119896318,5,0. 3,1,20,0.75,0.011905265444768885,COMPLETE
43,0.0012952614575624465,40,0,120,60,12,0.0004329842455459149,5,0. 3,1,20,0.75,0.013152863366304184,COMPLETE
44,0.008311562798917293,40,0,120,60,12,0.0007173774724542921,5,0. 3,1,20,0.75,0.013640912653625254,COMPLETE
45,0.025667677223682402,50,0,120,60,12,0.00039194220138894745,5,0. 3,1,20,0.75,0.01376820256651771,COMPLETE
46,0.0025428182445466517,40,0,120,90,12,0.00031892376896436027,5,0. 3,2,20,0.75,0.011178833941199838,COMPLETE
47,0.011347561744817844,30,0,120,60,12,0.0005452909358651642,7,0. 3,1,20,0.75,0.015462307072230827,COMPLETE
48,0.01684246987104416,50,0,120,90,12,0.0007408590656784632,5,1,1,20,0.75,0.016418893372809485,COMPLETE
49,0.08772024363279343,40,0,120,60,12,0.0009785109536279567,7,0. 3,1,20,0.7999999999999999,0.012094955072199555,COMPLETE
50,0.011387924551963807,50,0,120,90,12,0.000203607649947783,5,0. 3,2,20,0.7999999999999999,0.014797173588064233,COMPLETE
51,0.06930207312107087,40,0,120,90,12,0.0005784473170362277,3,0. 3,1,20,0.75,0.02000489354173276,COMPLETE
52,0.0016485509229823947,40,0,120,90,12,0.00033289193853032955,5,0. 3,1,20,0.75,0.018053139987919867,COMPLETE
53,0.002464318011576931,30,0,120,90,12,0.0001416806944545032,3,0. 3,1,20,0.75,0.022145957704402128,COMPLETE
54,0.0023606768110767005,40,0,120,60,12,0.0004985279760504153,5,0. 3,1,20,0.75,0.017477429605987145,COMPLETE
55,0.012936615198850632,40,0,120,90,12,0.00045720028492948,7,0. 3,1,20,0.75,0.010066325143830717,COMPLETE
56,0.06932487636804581,40,0,120,30,12,0.0008515001084010689,3,0. 3,2,24,0.75,0.014681152568788802,COMPLETE
57,0.043181182940800984,30,0.1,120,90,12,0.0003717710536293411,5,0. 3,1,20,0.75,0.012613244106228128,COMPLETE
58,0.02518207922577858,50,0,120,60,12,0.0006260807815592932,3,0. 3,1,24,0.75,0.02125689801744927,COMPLETE
59,0.0025540572591125966,40,0.1,120,90,12,0.0002266064242126066,7,0. 3,1,20,0.75,0.011198905291344005,COMPLETE
60,0.030653361082077026,50,0,120,0,6,0.00029694260962637815,5,1,1,20,0.7999999999999999,0.027330655973623465,COMPLETE
61,0.00141392492223531,40,0,120,90,12,0.00035270522764376243,5,0. 3,1,20,0.75,0.017438160818605532,COMPLETE
62,0.0032892612274736167,40,0,120,90,12,0.00014079149016516207,5,0. 3,1,20,0.75,0.016461138683044173,COMPLETE
63,0.0028706389013677834,40,0,120,90,12,0.00046232618936237836,5,0. 3,1,20,0.75,0.024646621972930965,COMPLETE
64,0.0012240601354278624,40,0,120,60,12,0.0003372627573333971,5,0. 3,1,20,0.75,0.013182498885355342,COMPLETE
65,0.004414447272817294,30,0.1,120,60,12,0.0003706179375735386,5,0. 3,1,20,0.75,0.013303363753016063,COMPLETE
66,0.0016538752242922783,40,0,120,30,12,0.0002572878086108076,5,0. 3,3,20,0.75,0.0142847465969856,COMPLETE
67,0.008801812678575516,30,0,120,60,12,0.0003361342065204165,5,0. 3,1,20,0.75,0.011045522242668655,COMPLETE
68,0.020790627226233482,40,0.1,210,30,12,0.0006728676651088145,5,0. 3,1,20,0.75,0.03467243832927516,COMPLETE
69,0.04364358603954315,50,0,150,60,12,0.0004750713113924505,7,0. 3,2,24,0.75,0.01264413787701105,COMPLETE
70,0.004401697218418122,40,0,120,120,10,0.00019394624125542887,7,0. 3,1,20,0.75,0.017132996185391644,COMPLETE
71,0.003279001358896494,40,0,120,90,12,0.0008372101370552922,3,0. 3,1,20,0.75,0.019174743461943016,COMPLETE
72,0.0022244376363232733,40,0,120,90,12,0.0002814189665608015,3,0. 3,1,20,0.75,0.01517224644580984,COMPLETE
73,0.0058477167040109634,40,0,120,90,12,0.00016323990750840553,5,0. 3,1,20,0.75,0.031413004416515004,COMPLETE
74,0.00212029532995075,40,0,120,120,12,8.877746478064379e-05,5,0. 3,1,20,0.75,0.025509027638225747,COMPLETE
75,0.0020442641573026775,40,0,120,0,12,0.0001251851741501538,3,0. 3,1,20,0.75,0.0208008230886417,COMPLETE
76,0.0021557276137173175,40,0.1,150,90,12,5.7900567549955286e-05,5,0. 3,1,20,0.75,0.01597617958586107,COMPLETE
77,0.0035733813792467118,50,0,120,60,12,0.0005230891439716102,5,1,1,20,0.75,0.011772126588663416,COMPLETE
78,0.0014910815050825476,40,0,120,120,12,0.0004118654131243974,3,0. 3,1,20,0.75,0.012980977429405013,COMPLETE
79,0.01572772189974785,40,0,120,120,12,0.00043783830958301614,5,0. 3,1,20,0.75,0.010653264445365225,COMPLETE
80,0.01874307480175048,10,0.1,150,150,10,0.0006256151572733184,1,0. 3,1,20,0.75,0.0130438999623238,COMPLETE
81,0.001870210631750524,40,0,120,120,12,0.00040306374266413635,3,0. 3,1,20,0.75,0.013926000640091623,COMPLETE
82,0.026527203215907017,30,0,120,90,12,7.666556645902269e-05,3,0. 3,1,20,0.75,0.0224587851397015,COMPLETE
83,0.002153871627524495,40,0,120,90,12,0.0003637638679167615,3,0. 3,1,20,0.75,0.018637202017051553,COMPLETE
84,0.0023808473721146583,40,0,120,120,12,0.0002157199873684569,3,0. 3,1,20,0.75,0.012171605188670886,COMPLETE
85,0.0036252759862691166,40,0,120,60,12,0.00031186968625798777,5,0. 3,1,20,0.75,0.017076999252486628,COMPLETE
86,0.0016917448490858078,40,0,210,30,12,0.0002637587387594755,1,0. 3,1,20,0.75,0.014286893140845927,COMPLETE
87,0.006685923350354036,30,0,120,90,12,0.0005938743922685726,3,0. 3,1,20,0.75,0.015205888687572328,COMPLETE
88,0.010989917516708374,50,0,120,60,12,0.00042346777549384857,5,1,1,24,0.75,0.0136137993884064,COMPLETE
89,0.0018264478771016003,40,0,120,90,12,0.000760053543084242,3,0. 3,2,20,0.7999999999999999,0.011574131112925698,COMPLETE
90,0.004907158715650439,40,0.1,180,120,12,0.0005069530171842796,5,0. 3,1,20,0.75,0.029753401757328497,COMPLETE
91,0.06916866004467011,40,0,120,90,12,0.0003498700595395233,5,0. 3,1,20,0.75,0.0183710119516371,COMPLETE
92,0.001603390881791711,40,0,120,90,12,0.00033330125175522944,5,0. 3,1,20,0.75,0.017682743181391108,COMPLETE
93,0.0026691317558288573,40,0,120,90,12,0.0002391752011180089,5,0. 3,1,20,0.75,0.012517736203366589,COMPLETE
94,0.0017706804675981403,40,0,120,90,12,0.00029793228006390126,5,0. 3,1,20,0.75,0.016018741631388195,COMPLETE
95,0.002063214546069503,40,0,120,60,8,0.0004153510069515421,9,0. 3,1,20,0.75,0.020338299528374668,COMPLETE
96,0.06925256848335266,40,0,120,90,12,0.0005367096537757019,5,0. 3,1,20,0.75,0.013123793039144729,COMPLETE
97,0.004365178570151329,40,0,120,90,12,0.00010540638313409228,7,0. 3,1,20,0.75,0.010722302452857829,COMPLETE
98,0.05142470479011536,50,0,120,90,12,1.079024100216017e-05,5,0. 3,1,20,0.75,0.021875591902296834,COMPLETE
99,0.002435507345944643,40,0,120,60,6,9.453501840053277e-05,1,0. 3,1,20,0.75,0.037594392020609706,COMPLETE
100,0.03667154729366302,50,0.1,180,0,12,0.00047030970980059165,5,0. 3,1,20,0.75,0.01762826664717134,COMPLETE
101,0.001976286806166172,40,0,120,90,12,0.0003266170608738545,5,0. 3,1,20,0.75,0.018011284183871327,COMPLETE
102,0.0018336903071030975,40,0,120,90,12,0.0003695471739475431,5,0. 3,1,20,0.75,0.01948467155924526,COMPLETE
103,0.0022199506871402263,40,0,120,90,12,0.0003401778048981706,5,0. 3,1,20,0.75,0.01575896700528861,COMPLETE
104,0.002128927526064217,40,0,120,90,12,0.00028845280646888703,5,0. 3,1,20,0.75,0.02351507919808429,COMPLETE
105,0.0020296643022447826,40,0,120,90,12,0.0006576054149573473,5,0. 3,1,20,0.75,0.014674153460142529,COMPLETE
106,0.0025328596122562884,40,0,120,120,12,0.0001750180951518956,3,1,1,20,0.75,0.01707201347907338,COMPLETE
107,0.0022642926778644323,40,0,120,60,12,0.0003881471267065169,5,0. 3,1,20,0.75,0.019207876239026575,COMPLETE
108,0.0022291885456070305,40,0,120,90,12,0.0002637160546765967,5,0. 3,1,20,0.75,0.025178078433417465,COMPLETE
109,0.0044013962460060915,30,0,120,90,12,0.0005718402196490439,1,0. 3,1,20,0.75,0.014296653425956578,COMPLETE
110,0.00421478427015245,40,0.1,210,30,12,0.0004373410535882888,3,0. 3,1,20,0.75,0.016443240109993675,COMPLETE
111,0.0014140688115730881,40,0,120,30,12,0.00024388840372634117,5,0. 3,3,20,0.75,0.012620452382995875,COMPLETE
112,0.0020915100583806636,40,0,120,0,12,0.0003164874324903822,5,0. 3,3,20,0.75,0.012691213084943484,COMPLETE
113,0.0015551091404631735,40,0,120,30,12,0.0005023391583254185,5,0. 3,3,20,0.75,0.011567061453838469,COMPLETE
114,0.005941901355981827,40,0,120,30,12,0.00012926923608284227,5,0. 3,3,20,0.75,0.010378000775696743,COMPLETE
115,0.0011897530872374772,40,0,120,30,12,0.000489357446280701,5,0. 3,3,20,0.75,0.011448021549099583,COMPLETE
116,0.0015724783530458807,40,0,120,30,12,0.0004991603638311226,5,0. 3,3,20,0.75,0.011581806080137228,COMPLETE
117,0.007051153341308236,20,0,120,30,12,0.0005069918744616109,5,0. 3,3,20,0.75,0.011323575895335856,COMPLETE
118,0.06935647130012512,40,0,120,30,12,0.00047381876827915073,5,0. 3,3,20,0.75,0.012196546446259726,COMPLETE
119,0.0020433911122381687,40,0,120,30,12,0.0006776715022294269,5,0. 3,3,20,0.75,0.010842969203524051,COMPLETE
120,0.0020888971397653223,40,0,120,30,12,0.0008149350568122197,7,0. 3,3,20,0.75,0.011553869444541868,COMPLETE
121,0.012425479106605053,40,0,120,30,12,6.567209224133172e-05,5,0. 3,3,20,0.75,0.013317493420006097,COMPLETE
122,0.0019686964340507986,40,0,120,30,12,0.0006068499510905447,5,0. 3,3,20,0.75,0.01188524245683418,COMPLETE
123,0.0017895800294354558,40,0,120,0,12,0.0005511950905078529,5,0. 3,3,20,0.75,0.010323010691413337,COMPLETE
124,0.002038807119242847,40,0,120,30,12,0.00040033072872120763,5,0. 3,3,20,0.75,0.01313156478434079,COMPLETE
125,0.005295581091195345,40,0,120,30,12,8.03610289958289e-05,3,0. 3,3,20,0.75,0.01386982420740989,COMPLETE
126,0.005998728796839714,40,0.1,120,0,12,0.00045206529321337104,5,1,3,20,0.75,0.011246722799714545,COMPLETE
127,0.015038051595911383,40,0,120,30,12,0.0005090265350904134,5,0. 3,3,24,0.7999999999999999,0.012402540830249076,COMPLETE
128,0.03783000826835632,50,0,120,60,12,0.0003918319712124052,3,0. 3,3,20,0.75,0.012748440394944839,COMPLETE
129,0.0692587062716484,40,0,120,30,12,0.0004506728760470767,5,0. 3,3,20,0.75,0.012027725038712654,COMPLETE
130,0.013271071575582027,40,0,150,0,12,0.0003619293321932906,5,0. 3,2,20,0.75,0.043563925247323276,COMPLETE
131,0.001912141335196793,40,0,120,60,12,0.00042591192779534333,5,0. 3,3,20,0.75,0.015082973357604706,COMPLETE
132,0.004715940169990063,40,0,120,60,12,0.0004984004265628362,5,0. 3,3,20,0.75,0.013716776841640604,COMPLETE
133,0.06929418593645095,40,0,120,30,12,0.0005655251924213562,5,0. 3,1,20,0.75,0.011721948070166122,COMPLETE
134,0.0015304432483389974,40,0,120,30,12,0.00023041929132523611,5,0. 3,1,20,0.75,0.010861076404959324,COMPLETE
135,0.0011716882814653217,40,0,120,30,12,0.00022804506008411402,5,0. 3,1,20,0.75,0.010694644757252205,COMPLETE
136,0.0017161312280222774,40,0,120,30,12,0.00019182154635998252,5,0. 3,1,20,0.75,0.010017449729221788,COMPLETE
137,0.0009370255866087973,40,0,120,30,12,0.00023045312926248094,5,0. 3,1,20,0.75,0.010992043885755863,COMPLETE
138,0.002341820113360882,40,0.1,180,30,12,0.0002287495301152775,5,0. 3,1,20,0.75,0.010790803683329317,COMPLETE
139,0.01915835713346799,30,0,120,30,12,0.00020270961451947223,5,0. 3,1,20,0.75,0.011001400360833961,COMPLETE
140,0.0019190683029592036,40,0,120,30,12,0.00024587692067327835,5,0. 3,1,20,0.75,0.012512969843417723,COMPLETE
141,0.0036650918889790775,40,0,120,30,12,0.0001637699842854716,5,0. 3,1,20,0.75,0.011444251886025108,COMPLETE
142,0.0013422077056020499,40,0,120,30,12,0.00021650052678204122,5,0. 3,1,20,0.75,0.0103013850406031,COMPLETE
143,0.0019033245043829083,40,0,120,30,12,0.0002950783452929209,5,0. 3,1,20,0.75,0.01043103381500127,COMPLETE
144,0.0011984341312199832,40,0,120,30,12,0.00021398422851666082,5,0. 3,1,20,0.75,0.010104890004919546,COMPLETE
145,0.0011510740965604781,40,0,120,30,12,0.00022136569653752216,5,0. 3,1,20,0.75,0.010163506279808603,COMPLETE
146,0.0013429644983261823,40,0,120,30,12,0.0002561483202429873,5,0. 3,1,20,0.75,0.010291631339267162,COMPLETE
147,0.0020366782788187265,40,0,120,30,12,0.00021588237991369263,5,0. 3,1,20,0.75,0.010445580610453831,COMPLETE
148,0.0013795572565868496,40,0,120,30,12,0.00027227214733387324,1,0. 3,1,20,0.75,0.01000180555073296,COMPLETE
149,0.002267850283533335,40,0,120,30,12,0.0002679120843650051,1,1,1,20,0.75,0.010054687187075778,COMPLETE
150,0.0011546544963493943,40,0,120,30,8,0.00019060006737883339,1,0. 3,1,20,0.75,0.010515053647076916,COMPLETE
151,0.00236658020876348,40,0,120,30,8,0.00018727851594289085,1,0. 3,1,24,0.7,0.0100155205950471,COMPLETE
152,0.05040530115365982,40,0,120,30,8,0.00025016398762383566,1,0. 3,1,20,0.7999999999999999,0.01060662366707004,COMPLETE
153,0.0009844790474744514,40,0,120,30,8,0.0002116254835741259,1,0. 3,1,20,0.75,0.011097927573239666,COMPLETE
154,0.002129885321483016,40,0,120,30,8,0.0001562771201164779,1,0. 3,1,24,0.75,0.011014213450533333,COMPLETE
155,0.001531456154771149,40,0,120,30,8,0.00017972307050365905,1,0. 3,1,20,0.7,0.010598229746506364,COMPLETE
156,0.0018184820422902704,40,0.1,120,30,8,0.00020925191224622326,1,0. 3,1,20,0.75,0.010247755654234367,COMPLETE
157,0.0018726141192018987,40,0,120,30,8,0.0002780419354414556,1,0. 3,1,20,0.75,0.01116650972945137,COMPLETE
158,0.004472734406590462,40,0,120,30,6,0.00021775955642352432,1,0. 3,1,20,0.75,0.01075598163462494,COMPLETE
159,0.0012696497840806841,40,0,120,30,8,0.00023982324204660955,1,0. 3,1,20,0.75,0.012071002753064362,COMPLETE
160,0.001643453841097653,40,0,210,30,8,0.00027899616894519876,1,0. 3,1,20,0.75,0.011942992608613923,COMPLETE
161,0.001335261296480894,40,0,120,30,8,0.00023787042483673705,1,0. 3,1,20,0.75,0.011221751309081426,COMPLETE
162,0.0022637212881818415,40,0,120,30,8,0.00019899012017885983,1,0. 3,1,20,0.75,0.010332052221542308,COMPLETE
163,0.0009055905218701809,40,0,120,30,8,0.00024194441414358486,1,0. 3,1,20,0.75,0.011210316406243141,COMPLETE
164,0.003347940603271127,40,0,120,30,8,0.00022587401198465783,1,0. 3,1,20,0.75,0.0100338474701146,COMPLETE
165,0.0008420474936428945,40,0,120,30,8,0.00017051132949959534,1,0. 3,1,20,0.75,0.011182899687301821,COMPLETE
166,0.0016339511377736927,40,0,120,30,8,0.0001701988934652649,1,0. 3,1,20,0.75,0.010957065129282196,COMPLETE
167,0.0038069243542850017,40,0,120,30,8,0.000151890107785651,1,0. 3,1,20,0.75,0.011163852578634944,COMPLETE
168,0.001532937993761152,40,0,120,30,8,0.0001851249405873983,1,0. 3,1,20,0.7999999999999999,0.01167413973595221,COMPLETE
169,0.0016748468158766627,40,0,120,30,8,0.00025333525032025605,1,0. 3,1,20,0.75,0.012125935336235322,COMPLETE
170,0.001253982784692198,40,0.1,120,30,8,0.0002088175245559724,1,0. 3,1,20,0.75,0.010665273908587963,COMPLETE
171,0.0023605447728186845,40,0.1,120,30,8,0.00020880049637754723,1,0. 3,1,20,0.75,0.010599066667759173,COMPLETE
172,0.0016315711429342628,40,0.1,120,30,8,0.00023442686349322664,1,0. 3,1,20,0.75,0.011417780783286332,COMPLETE
173,0.0018578445771709085,40,0.1,120,30,8,0.00020027167679461581,1,0. 3,1,20,0.75,0.010555353505452343,COMPLETE
174,0.001854130602441728,40,0.1,120,30,8,0.0002495766817139053,1,0. 3,1,20,0.75,0.011083770432433976,COMPLETE
175,0.0009770433185622095,40,0.1,120,30,8,0.00017512998895158292,1,0. 3,1,20,0.75,0.010058951574130327,COMPLETE
176,0.05514804244041443,50,0.1,120,0,8,0.0001707567384924806,1,0. 3,1,20,0.75,0.011946165335902923,COMPLETE
177,0.003546234220266342,40,0.1,120,30,8,0.000180399940257366,1,0. 3,1,20,0.75,0.011337931108603079,COMPLETE
178,0.011515580303966998,20,0.1,120,30,8,0.0001499993301436183,1,0. 3,1,20,0.75,0.010664193422107823,COMPLETE
179,0.005686449445784092,40,0.1,120,30,8,0.00021940677394606946,1,0. 3,1,20,0.75,0.05708353428700378,COMPLETE
180,0.0010680260835215448,40,0.1,120,30,8,0.00023036743916123267,1,0. 3,1,20,0.75,0.04836144192296458,COMPLETE
181,0.004386964160948992,40,0.1,120,30,8,0.0001922400263813514,1,0. 3,1,20,0.75,0.051561059490287026,COMPLETE
182,0.0011230452277231962,40,0.1,120,30,8,0.00023304498565144887,1,0. 3,1,20,0.75,0.039739007773922794,COMPLETE
183,0.0038441467098891736,40,0.1,120,30,8,0.0002278838679050208,1,0. 3,1,20,0.75,0.04102293271787203,COMPLETE
184,0.0037306698970496653,40,0.1,120,30,8,0.00020338270781726714,1,0. 3,1,20,0.75,0.03386325410749599,COMPLETE
185,0.004645656514912844,40,0.1,120,30,8,0.00013193355882485627,1,0. 3,1,20,0.75,0.06030463913871669,COMPLETE
186,0.003170613432303071,40,0.1,120,30,8,0.000230071138622453,1,0. 3,1,16,0.75,0.03751887666579994,COMPLETE
187,0.002109253592789173,40,0.1,120,30,8,0.0001182259943420274,1,0. 3,1,20,0.75,0.011260087679988054,COMPLETE
188,0.003945561125874519,40,0.1,180,30,8,0.00016614218862341995,1,1,1,20,0.75,0.03511609055746694,COMPLETE
189,0.06937364637851715,40,0.1,120,30,8,0.00018614297382077075,1,0. 3,1,20,0.75,0.046245651890237605,COMPLETE
190,0.0019769577076658605,40,0.1,120,0,8,0.0002949168129055657,1,0. 3,1,20,0.75,0.01223125137565638,COMPLETE
191,0.0013711533276364208,40,0.1,120,30,8,0.00024481870950288423,1,0. 3,1,20,0.75,0.01041435926429443,COMPLETE
192,0.003780275397002697,40,0.1,120,30,8,0.00021142309950249213,1,0. 3,1,20,0.75,0.0465914834920465,COMPLETE
193,0.010852589178830386,40,0,120,30,8,0.0002659381174293186,9,0. 3,1,20,0.75,0.01079894209319947,COMPLETE
194,0.0011601950274780393,40,0,120,30,8,0.00024797384783103717,1,0. 3,1,20,0.75,0.011478802597627033,COMPLETE
