number,value,params_batch_size,params_delta_min,params_fclayer1,params_fclayer2,params_first_conv_outchann,params_learning_rate,params_max_loss_reset,params_patience_plateau,params_patience_validation,params_second_conv_outchann,params_split_size,params_weight_decay,state
184,0.00020364632597193123,50,0,210,90,10,0.0002784056916485694,1,1,0,24,0.7999999999999999,0.01815871017586649,COMPLETE
185,0.00028039254248142244,50,0,210,90,10,0.0002853345852084679,1,1,0,24,0.7999999999999999,0.01777627303070186,COMPLETE
186,0.00013666358310729265,50,0,210,90,10,0.00025797500947049884,1,1,0,24,0.7999999999999999,0.019580581323369935,COMPLETE
187,0.00027448851149529217,50,0,210,90,10,0.0002583641330512867,1,1,0,24,0.7999999999999999,0.019828201234090015,COMPLETE
188,0.0002795867901295424,50,0,210,90,10,0.00029828921172277525,1,0. 3,0,24,0.7999999999999999,0.018580433258714387,COMPLETE
189,0.00010594683466479182,50,0,210,90,10,0.00027359274345234886,1,1,0,24,0.7999999999999999,0.016486643719805596,COMPLETE
190,0.005182234793901444,50,0,210,90,10,0.0002737271723738779,1,1,0,24,0.7999999999999999,0.016446084014640594,COMPLETE
191,2.2837232681922614e-05,50,0,210,90,10,0.0002390813501779661,1,1,0,24,0.7999999999999999,0.01531886980979531,COMPLETE
192,0.0008867939189076423,50,0,210,90,10,0.00022482415199389898,1,1,0,24,0.7999999999999999,0.014404209904399501,COMPLETE
193,0.0030495834350585936,50,0,210,90,10,0.00024739317011671606,1,1,0,24,0.7999999999999999,0.01490264053544069,COMPLETE
194,0.00041991924867033957,50,0,210,90,10,0.0003358721482038189,1,1,0,24,0.7999999999999999,0.016021223140884645,COMPLETE
195,0.0010511109977960587,50,0,210,90,10,0.0002707614608387935,1,1,0,24,0.7999999999999999,0.01916156765722676,COMPLETE
196,0.00033246994949877263,50,0,210,90,10,0.00030405173674599397,1,1,0,24,0.7999999999999999,0.015391462494251096,COMPLETE
197,0.0011140193417668342,50,0,210,90,10,0.0002366628680263268,1,1,0,24,0.7999999999999999,0.01716754569913106,COMPLETE
198,0.00401693195104599,50,0,210,90,10,0.00021196997791840386,1,1,0,24,0.7999999999999999,0.01783367655773276,COMPLETE
199,0.0022278722375631333,50,0,210,90,10,0.00035437160090404053,1,1,0,24,0.7999999999999999,0.013933932934929862,COMPLETE
