number,value,params_batch_size,params_delta_min,params_fclayer1,params_fclayer2,params_first_conv_outchann,params_learning_rate,params_max_loss_reset,params_patience_plateau,params_patience_validation,params_second_conv_outchann,params_split_size,params_weight_decay,state
199,6.1782665397913664e-06,40,0.1,150,30,6,0.00020267261556927788,1,1,1,24,0.7,0.01625866121921924,COMPLETE
