number,value,params_batch_size,params_delta_min,params_fclayer1,params_fclayer2,params_first_conv_outchann,params_learning_rate,params_max_loss_reset,params_patience_plateau,params_patience_validation,params_second_conv_outchann,params_split_size,params_weight_decay,state
197,0.002942055044695735,40,0.1,180,0,10,0.00011464435234899434,1,0. 3,2,24,0.75,0.012585578613062639,COMPLETE
198,0.0011870250338688493,40,0.1,210,0,10,0.0008334737082447147,1,0. 3,0,24,0.75,0.01137329160426931,COMPLETE
199,0.08991869568824767,50,0.1,180,0,10,1.6343563367929722e-05,1,0. 3,2,24,0.75,0.014501077279753668,COMPLETE
