number,value,params_batch_size,params_delta_min,params_fclayer1,params_fclayer2,params_first_conv_outchann,params_learning_rate,params_max_loss_reset,params_patience_plateau,params_patience_validation,params_second_conv_outchann,params_split_size,params_weight_decay,state
0,0.011695498879998923,10,0,180,0,6,3.053726853394779e-05,1,1,0,20,0.75,0.039721242583747964,COMPLETE
1,0.06230587214231491,40,0.1,210,150,12,5.881881321577714e-05,7,0. 3,0,20,0.7999999999999999,0.017950018787879805,COMPLETE
2,0.31212484538555146,20,0.1,150,150,10,0.0007761850492649663,7,0. 3,0,16,0.7999999999999999,0.031110658770971994,COMPLETE
3,0.0004480628110468388,50,0,120,150,8,0.00010476622665627835,1,0. 3,2,16,0.7999999999999999,0.02342420629015025,COMPLETE
4,0.03635497450828552,50,0,180,120,8,9.669715347236954e-05,1,0. 3,2,20,0.75,0.08835067856489397,COMPLETE
5,0.032590084075927735,50,0.1,120,120,8,0.00023019853253449085,5,1,2,20,0.7,0.03826677286342158,COMPLETE
6,0.01743675257312134,10,0.1,150,150,6,2.3257235168689722e-05,1,0. 3,1,16,0.75,0.04535702226613839,COMPLETE
7,0.10722252428531646,20,0.1,150,30,6,8.771122951528536e-05,9,1,2,24,0.7999999999999999,0.03670875996942265,COMPLETE
8,0.0014263662276789546,40,0,210,30,6,0.000617419887392269,3,0. 3,3,16,0.75,0.02051896191172073,COMPLETE
9,0.00019336209322015445,30,0,180,0,10,0.0004384444757175727,1,1,2,24,0.7999999999999999,0.013678566341425644,COMPLETE
10,0.0022591357119381428,30,0,180,60,12,0.00028544018804179625,3,1,3,24,0.7,0.011003136045586533,COMPLETE
11,0.007998275011777878,30,0,120,90,10,1.1313198116364881e-05,3,1,1,24,0.7999999999999999,0.010758176569457822,COMPLETE
12,0.08569751232862473,40,0,120,0,10,0.0002495698495531888,1,1,2,16,0.7999999999999999,0.018064690207565445,COMPLETE
13,0.00046956110745668413,20,0,180,60,8,0.0003688135748094371,3,0. 3,3,24,0.7999999999999999,0.02387049173813712,COMPLETE
14,0.0501556970179081,40,0,150,90,10,0.00015979425343998717,5,0. 3,1,20,0.7999999999999999,0.014776936019158023,COMPLETE
15,0.0008470778353512287,50,0,210,30,8,0.0005188776678969834,1,1,2,24,0.75,0.026959888035493557,COMPLETE
16,0.04299852550029755,30,0,120,120,10,4.714885538540937e-05,3,1,1,16,0.7999999999999999,0.013686198147788153,COMPLETE
17,0.001784628228051588,20,0,150,60,12,0.0001751989113151437,5,0. 3,3,20,0.7,0.060583155695977456,COMPLETE
18,0.047626313753426075,40,0,180,0,8,0.0001359509696316611,7,1,2,20,0.7999999999999999,0.01483000118875039,COMPLETE
19,0.002882608895500501,30,0,210,90,10,0.0009985737310725872,1,0. 3,1,24,0.75,0.0229234210459506,COMPLETE
20,0.017350462675094606,50,0,120,120,8,0.00042807854512033513,9,0. 3,3,16,0.75,0.05516235259770858,COMPLETE
21,0.020350313931703567,20,0,180,60,8,0.0003474027836995739,3,0. 3,3,24,0.7999999999999999,0.02565945764681527,COMPLETE
22,0.003069310891442001,20,0,180,30,8,0.0004407301347864844,3,0. 3,3,24,0.7999999999999999,0.019495425160755833,COMPLETE
23,0.0042987408116459845,30,0,180,60,8,5.760870881232687e-05,1,0. 3,2,24,0.7999999999999999,0.029332093241100678,COMPLETE
24,0.005603661347413436,10,0,150,0,10,0.0006914885303110398,3,0. 3,2,24,0.7999999999999999,0.012925150538254606,COMPLETE
25,0.00133392207014064,30,0,180,90,8,0.00012533862936049377,1,0. 3,3,24,0.7999999999999999,0.023489663412868598,COMPLETE
26,0.008912937995046378,20,0.1,210,30,6,0.00035814252804770776,3,1,2,20,0.7999999999999999,0.01647362853003351,COMPLETE
27,0.002015375749518474,30,0,150,60,10,0.00018501470249036582,1,0. 3,3,20,0.7999999999999999,0.021995242877542745,COMPLETE
28,0.0038262774236500264,10,0,180,120,12,0.0009284065594277552,3,1,2,24,0.75,0.03323532381831414,COMPLETE
29,0.0014407553244382143,40,0,180,0,6,2.7532957816796315e-05,1,1,1,16,0.75,0.012814123140956616,COMPLETE
30,0.0034897216188255697,20,0,210,150,8,7.727245006173076e-05,5,0. 3,3,24,0.7999999999999999,0.04963428984049058,COMPLETE
31,0.00025685491462354546,50,0,210,30,8,0.0005511158170124616,1,1,2,24,0.75,0.02686018434727221,COMPLETE
32,0.0009975075721740724,50,0,210,30,8,0.00056233656397918,1,1,2,24,0.75,0.026360864420552705,COMPLETE
33,0.0008743788115680218,50,0,210,0,8,0.000319940714931777,1,1,0,24,0.75,0.016999166303355562,COMPLETE
34,0.0024018836207687854,40,0.1,180,30,10,0.0007436318914593646,1,1,2,20,0.7,0.03066109832162361,COMPLETE
35,0.0015477825701236724,50,0,180,0,8,0.00022104217566281873,1,1,2,24,0.7999999999999999,0.04137487969087647,COMPLETE
36,0.004294055886566639,40,0.1,150,60,6,0.00045868401406686654,3,0. 3,0,20,0.75,0.09982377679148603,COMPLETE
37,0.007071348652243614,50,0,210,30,8,4.4746563118473165e-05,1,1,2,24,0.7999999999999999,0.03523883403071746,COMPLETE
38,0.044044465944170955,10,0.1,150,150,10,0.00011145101601922845,5,0. 3,1,20,0.75,0.07620276682790121,COMPLETE
39,0.00012892678641946987,40,0,210,0,6,0.00022062287778334296,1,1,3,16,0.7999999999999999,0.01967910907874842,COMPLETE
40,0.007959108799695969,40,0,210,0,6,0.00021619760523977852,7,1,2,16,0.7,0.01985167831046886,COMPLETE
41,0.0016770636662840842,50,0,210,0,6,0.00028321744197695335,1,1,3,16,0.7999999999999999,0.025029867838591024,COMPLETE
42,0.0009091173484921455,50,0,210,30,6,0.00035483895806482074,1,1,3,16,0.7999999999999999,0.02151013083199167,COMPLETE
43,0.0003701634886965621,40,0,180,0,8,0.000567697124457317,1,1,3,16,0.7999999999999999,0.01844424841753294,COMPLETE
44,0.00044112493342254313,40,0,210,0,8,0.0005871101426355628,1,1,3,16,0.7999999999999999,0.018143595389254367,COMPLETE
45,0.0002560840308433399,40,0,210,0,6,0.0006232780044914005,1,1,3,16,0.7999999999999999,0.011808871545049239,COMPLETE
46,0.0010329786222428084,40,0,210,0,6,0.0007073910155066272,1,1,3,16,0.7999999999999999,0.010919375829315844,COMPLETE
47,0.0031217290709416074,30,0.1,210,0,6,0.0008310352875321882,1,1,3,16,0.7999999999999999,0.011967079632317527,COMPLETE
48,0.02132873423397541,40,0,210,0,6,0.0004936072483496073,3,1,3,16,0.75,0.014726846623595018,COMPLETE
49,0.0007221490843221546,40,0,210,0,12,0.0002777683664912341,1,1,3,16,0.7999999999999999,0.010324039818571969,COMPLETE
50,0.0003033146650219957,30,0,180,30,6,0.0006108479204570853,1,1,3,16,0.7999999999999999,0.0164923229182127,COMPLETE
51,0.001642516286422809,30,0,180,30,6,0.0006172283845824982,1,1,3,16,0.7999999999999999,0.01580511433739487,COMPLETE
52,0.0015913897504409155,30,0,180,30,6,0.0004019289618024507,1,1,3,16,0.7999999999999999,0.018473014156387167,COMPLETE
53,0.0012106076659013827,30,0,180,0,6,0.000528566512077374,1,1,3,16,0.7999999999999999,0.013635954524222641,COMPLETE
54,0.00434386966129144,30,0,180,0,6,0.0007937217940848296,1,1,3,16,0.7999999999999999,0.015025053093311033,COMPLETE
55,0.00034364208695478735,40,0,180,30,10,0.000642844393105221,3,1,3,16,0.7999999999999999,0.01151439788184796,COMPLETE
56,0.06820042431354523,40,0,210,30,10,1.6092050157583342e-05,3,1,2,16,0.7999999999999999,0.011962256334667276,COMPLETE
57,0.00036075928946956994,30,0,180,30,10,0.0006692781754679815,3,1,3,16,0.7999999999999999,0.011613601800836376,COMPLETE
58,0.011030752522250017,30,0,210,30,10,0.0008440487064534305,3,1,3,20,0.75,0.013141664383878109,COMPLETE
59,0.0001731308933813125,40,0,180,60,10,0.0004512431463695924,1,1,2,16,0.7999999999999999,0.01006562008893708,COMPLETE
60,0.001540182647295296,40,0.1,210,60,12,0.00042488043575711034,1,1,2,20,0.7999999999999999,0.010026957789619702,COMPLETE
61,0.00030955424590501935,40,0,180,60,10,0.00047009801757677484,1,1,2,16,0.7999999999999999,0.011351025365786265,COMPLETE
62,0.07802607119083405,40,0,180,60,10,0.00031519514824456386,9,1,2,16,0.7999999999999999,0.012294782691016526,COMPLETE
63,0.0028020679640273255,30,0,180,60,10,0.0004889466415682087,1,1,2,16,0.7999999999999999,0.014526387700730036,COMPLETE
64,0.05231495141983032,50,0,180,90,10,0.0002524620996943344,7,1,2,16,0.7999999999999999,0.011001788378923506,COMPLETE
65,0.006528134737163782,40,0,150,60,10,0.0003935630784538496,1,1,1,16,0.7999999999999999,0.017002533564397657,COMPLETE
66,0.0010904760798439383,40,0,180,30,6,0.00099810511817343,1,1,2,16,0.75,0.013873697023264702,COMPLETE
67,0.0002956507611088455,30,0,180,90,10,0.00047882195085100887,1,1,2,16,0.7999999999999999,0.01043453041915103,COMPLETE
68,0.0009302099933847785,30,0,210,90,10,0.0001898292997201272,1,1,1,16,0.7999999999999999,0.028652069919082944,COMPLETE
69,0.005445877090096474,20,0,180,120,6,0.00032922795051829664,1,1,2,16,0.75,0.010418553576432234,COMPLETE
70,0.00022134571336209773,30,0,150,90,12,0.0005294201682014888,1,1,2,24,0.7999999999999999,0.016154785576339373,COMPLETE
71,0.0019835025692979493,30,0,150,90,12,0.0005449635200621174,1,1,2,24,0.7999999999999999,0.01591109635784832,COMPLETE
72,0.0031614835374057294,30,0,150,90,6,0.0003928984539374084,1,1,2,24,0.7999999999999999,0.01279947768143218,COMPLETE
73,0.0002494205216256281,30,0,120,90,10,0.0001553203757309783,1,1,2,24,0.7999999999999999,0.021092964620945873,COMPLETE
74,0.002851444917420546,30,0,120,90,12,0.00015210022057014007,1,1,2,24,0.7999999999999999,0.020268443148167142,COMPLETE
75,0.003182079115261634,30,0,120,90,12,0.00013965552634245663,1,1,2,24,0.7999999999999999,0.024077371326353826,COMPLETE
76,0.0009596938034519553,20,0,120,120,10,0.00010039430491200626,1,1,2,24,0.7999999999999999,0.021720428655264978,COMPLETE
77,0.0020254603897531826,30,0.1,150,90,12,0.0002542108142657684,3,1,1,24,0.7999999999999999,0.010018233858734878,COMPLETE
78,0.004850982315838337,30,0,120,90,10,8.64958005808019e-05,1,1,2,24,0.7,0.01388365272552818,COMPLETE
79,0.052884508371353146,50,0,150,90,10,0.00021643084122971668,7,1,2,24,0.75,0.028058935970835686,COMPLETE
80,0.0001509766346619775,30,0,210,90,10,0.0003045799714611104,1,1,2,24,0.7999999999999999,0.01231960856237662,COMPLETE
81,0.0003266640201521417,30,0,210,90,10,0.00028854935244085686,1,1,2,24,0.7999999999999999,0.01078250485887666,COMPLETE
82,0.00017351024240876237,30,0,210,90,10,0.00016659310109820184,1,1,2,24,0.7999999999999999,0.012255950269868228,COMPLETE
83,0.003988849992553393,30,0,210,120,10,0.00019844761477422725,1,1,2,24,0.7999999999999999,0.01240867678772262,COMPLETE
84,0.00029755056214829286,30,0,210,90,10,0.0001522222972021099,1,1,2,24,0.7999999999999999,0.01922332582263385,COMPLETE
85,0.0002904105543469389,30,0,210,90,8,0.00030333006099229025,1,1,2,24,0.7999999999999999,0.017204626427758562,COMPLETE
86,0.001989427674561739,30,0,210,0,10,0.00012607079989657768,1,1,2,24,0.7999999999999999,0.015689545801930643,COMPLETE
87,0.001253178771585226,50,0,210,120,8,0.0002475773087120097,1,1,2,24,0.7999999999999999,0.012969738335450169,COMPLETE
88,0.0007266439963132143,20,0,210,0,10,0.00017741818401492194,1,1,1,24,0.7999999999999999,0.013875306208022775,COMPLETE
89,0.000324710423592478,40,0.1,210,90,12,0.0003567108776803079,1,1,2,24,0.7999999999999999,0.021336255474699917,COMPLETE
90,0.00027794170697840553,30,0,210,0,10,0.0004352867319016158,1,1,2,24,0.75,0.023080006041963398,COMPLETE
91,0.0035996429001291593,30,0,210,0,10,0.0004281185453007218,1,1,2,24,0.75,0.022827910823485675,COMPLETE
92,0.010272391388813655,30,0,210,0,10,0.00016220166797896367,1,1,2,24,0.75,0.025419563435554255,COMPLETE
93,0.000699446532720079,30,0,210,0,10,0.0007355778653330848,1,1,2,24,0.75,0.026529382500565447,COMPLETE
94,0.00043532722750872687,30,0,210,0,10,0.0003812535288304323,1,1,2,24,0.75,0.030352168378905718,COMPLETE
95,0.0002650740110160162,30,0,210,0,10,0.000522653825552599,1,1,2,24,0.75,0.024196582760789117,COMPLETE
96,0.00441298708319664,30,0,210,90,10,0.0005164635268195081,5,1,2,24,0.7999999999999999,0.01153299580771161,COMPLETE
97,0.0004030726937344298,40,0,210,60,8,0.0005876971864323105,1,1,2,24,0.7999999999999999,0.020688585461126723,COMPLETE
98,0.000622343613455693,30,0,210,0,10,0.00011118036960167404,1,0. 3,2,24,0.7999999999999999,0.024443902460391666,COMPLETE
99,0.0011699722963385284,20,0,120,90,12,0.0006610894248649928,3,1,1,20,0.75,0.03230443951239702,COMPLETE
100,0.00040207288693636654,40,0,210,0,10,0.00020254601496409627,1,1,2,24,0.7999999999999999,0.017709894822393584,COMPLETE
101,0.0002953699198163425,30,0,210,0,10,0.00044382901169366385,1,1,2,24,0.75,0.012135428563070568,COMPLETE
102,0.0003486427808942002,30,0,210,0,10,0.00033704789759356993,1,1,2,24,0.75,0.02240740399126829,COMPLETE
103,0.0016305756599952778,30,0,210,0,10,0.0008729914581278456,1,1,2,24,0.75,0.027633431204801506,COMPLETE
104,0.0002699837825881938,30,0,210,0,10,0.0005466271244396094,1,1,2,24,0.75,0.01900005958656374,COMPLETE
105,0.0013621540274471045,30,0,210,0,10,0.0005265246760529526,1,1,2,24,0.75,0.015494803814646432,COMPLETE
106,0.0008449324096242587,30,0,210,0,10,0.0007790766588080966,1,1,0,24,0.75,0.019291636217128646,COMPLETE
107,0.0013915666534254948,30,0.1,210,90,8,0.0005741869699060337,1,1,2,24,0.7999999999999999,0.018977721839398592,COMPLETE
108,0.00022528189583681524,40,0,210,60,10,0.0006876984041799285,1,1,2,24,0.7999999999999999,0.01758113932818449,COMPLETE
109,0.002057635189521534,40,0,210,60,12,0.0007116483454226326,1,1,2,24,0.7999999999999999,0.013386535039699976,COMPLETE
110,0.0018877618946135043,40,0,150,60,10,0.0006258931097210895,1,0. 3,2,24,0.7999999999999999,0.014761554769122026,COMPLETE
111,0.0006219441595021636,40,0,210,60,10,0.0004852072684825163,1,1,2,24,0.7999999999999999,0.01670645617116919,COMPLETE
112,0.0055256042629480365,40,0,210,30,10,0.000230113241115701,1,1,2,24,0.7999999999999999,0.017978413259916077,COMPLETE
113,0.000990422194202741,30,0,210,90,10,0.0005498553443709066,1,1,2,24,0.7999999999999999,0.02011228965466306,COMPLETE
114,0.0037778845522552728,40,0,210,60,10,0.0006654301226144678,1,1,2,24,0.7999999999999999,0.014033984001664878,COMPLETE
115,0.0016307944990694523,50,0,210,0,10,0.0009281059593171624,1,1,2,24,0.7999999999999999,0.021276125871984148,COMPLETE
116,0.0005714777546624342,30,0,210,90,10,0.0002578750386165828,1,1,3,24,0.7,0.012585511724070032,COMPLETE
117,0.0005915238366772731,30,0,150,30,10,0.0003848424328444449,1,1,2,24,0.7999999999999999,0.011235282872617222,COMPLETE
118,0.0009855407755821944,40,0,210,90,6,0.000501909887209407,1,1,2,20,0.75,0.01633212578850982,COMPLETE
119,0.0006616770755499601,30,0,120,0,8,6.9250763150278e-05,3,1,3,24,0.7999999999999999,0.011805178684687858,COMPLETE
120,0.003460537418723106,50,0,210,60,10,0.0007709779516287395,1,1,2,24,0.75,0.017583929870370964,COMPLETE
121,0.0009449372921759883,30,0,210,0,10,0.00042768102867069653,1,1,2,24,0.75,0.023813514766051293,COMPLETE
122,0.0007146695628762245,30,0,210,0,10,0.0006053926697448876,1,1,2,24,0.75,0.022914682292177118,COMPLETE
123,0.0016026382489750782,30,0,210,0,10,0.00045497096504863873,1,1,2,24,0.75,0.018711564977632475,COMPLETE
124,0.0007455106591805815,30,0,210,0,10,0.00031196278161860355,1,1,2,24,0.75,0.025518183587264175,COMPLETE
125,0.00046214322404315077,30,0,210,0,10,0.00016370273557411589,1,1,2,24,0.75,0.020366488546721948,COMPLETE
126,0.0005003502670054634,30,0,210,0,6,0.00041165669843425264,1,1,2,24,0.7999999999999999,0.010533335583604543,COMPLETE
127,0.0018596327708413204,30,0.1,210,30,10,0.0003713574266508244,1,1,2,24,0.75,0.0703132235996873,COMPLETE
128,0.00021245068773945164,40,0,210,90,10,0.0002772000180739755,1,1,2,24,0.7999999999999999,0.014451113609168412,COMPLETE
129,0.0007748535601422191,40,0,210,90,10,0.00013060960824610418,1,1,2,20,0.7999999999999999,0.014441388877521158,COMPLETE
130,0.0054595982655882835,40,0,210,90,12,0.0002631695877893945,1,1,2,24,0.7999999999999999,0.015202703442332077,COMPLETE
131,0.0025213489308953283,40,0,210,90,10,0.0005411413256291981,1,1,2,24,0.7999999999999999,0.013196642071242725,COMPLETE
132,0.0038651405833661557,40,0,210,90,10,0.0002831328996333172,1,1,2,24,0.7999999999999999,0.021676341948024196,COMPLETE
133,0.0035690078511834145,30,0,210,90,10,0.00020897387044689156,1,1,2,24,0.7999999999999999,0.012513717774336592,COMPLETE
134,0.0009976086206734181,40,0,210,0,10,0.00048141568302802814,1,1,2,24,0.7999999999999999,0.016024537295245795,COMPLETE
135,0.0015438534008959928,30,0,120,120,10,0.0003374883017306328,1,1,2,24,0.7999999999999999,0.011166125466344098,COMPLETE
136,0.0021444317419081925,40,0,150,90,10,0.000681886989701372,1,0. 3,3,24,0.7999999999999999,0.019874411567860614,COMPLETE
137,0.00041033014616308113,30,0,210,0,10,0.00023013970679119477,1,1,2,24,0.75,0.02670401302356449,COMPLETE
138,0.00012787704569442818,30,0,210,90,6,0.00018239813320356844,1,1,2,24,0.7999999999999999,0.01742606063601593,COMPLETE
139,0.001423016027547419,40,0,210,90,6,0.00018193194966597588,1,1,2,16,0.7999999999999999,0.01745697571169045,COMPLETE
140,0.0005391151101017992,30,0,180,90,6,0.0001933182933316083,1,1,2,24,0.7999999999999999,0.015160024157965237,COMPLETE
141,0.005860216046373049,30,0,210,90,6,1.1594257471208605e-05,1,1,2,24,0.7999999999999999,0.018540929706784483,COMPLETE
142,0.004503271418313185,30,0,210,90,6,0.00014256682641556646,1,1,2,24,0.7999999999999999,0.023299708553933315,COMPLETE
143,0.002985215311249097,30,0,210,60,6,0.000577627976190711,1,1,2,24,0.7999999999999999,0.014258806101251959,COMPLETE
144,0.00030950988875702026,30,0,210,90,10,0.00044595633761058213,1,1,2,24,0.7999999999999999,0.016704163211767823,COMPLETE
145,0.0013798723928630352,30,0,210,0,10,0.00016897524118044945,1,1,2,24,0.75,0.022092053541848452,COMPLETE
146,0.04617660691340764,30,0,210,90,6,0.00024164762447609315,9,1,2,24,0.7999999999999999,0.01939372434109528,COMPLETE
147,0.0006346542853862047,50,0,210,0,10,0.0001151244162778324,1,1,2,24,0.7999999999999999,0.013374231793870085,COMPLETE
148,0.0004759523260872811,40,0.1,210,60,10,0.0005070728170674163,1,1,3,24,0.7999999999999999,0.024412385020765228,COMPLETE
149,0.09089614748954773,30,0,210,90,8,0.00040066234375238407,5,1,2,16,0.75,0.012227073182361511,COMPLETE
150,0.007715726892153422,30,0,210,0,6,0.0006145331017867266,7,1,2,24,0.7999999999999999,0.020998838108514564,COMPLETE
151,0.0015089392351607482,30,0,210,90,8,0.0003588087571128807,1,1,2,24,0.7,0.01686707496819691,COMPLETE
152,0.001382837009926637,30,0,210,90,8,0.00031705822625811744,1,1,2,24,0.7999999999999999,0.01757628092507143,COMPLETE
153,0.00017467928507054845,30,0,210,90,10,0.00030329896092649215,1,1,2,24,0.7999999999999999,0.03456571131546826,COMPLETE
154,0.00018440031562931835,30,0,210,90,10,0.00028166718334434316,1,1,2,24,0.7999999999999999,0.039653809275082066,COMPLETE
155,0.008580926681558292,30,0,210,90,10,0.0002737637098062195,1,1,2,24,0.7999999999999999,0.040056125037708015,COMPLETE
156,0.005139723792672158,30,0,210,90,10,0.0003026935319663541,1,1,1,24,0.7999999999999999,0.044574519948517716,COMPLETE
157,0.0002375463101391991,30,0,180,90,10,0.00021944660942355674,1,1,2,24,0.7999999999999999,0.037682668715579536,COMPLETE
158,0.003269796259701252,30,0,180,90,10,0.00019949030132686437,1,0. 3,2,16,0.7999999999999999,0.03750008210639705,COMPLETE
159,0.00015278939390555023,30,0,180,90,10,0.00022663609819539092,1,1,2,24,0.7999999999999999,0.03532974032739218,COMPLETE
160,0.0009265021304599941,40,0,180,90,10,0.00023070934816281594,1,1,3,24,0.7999999999999999,0.036054922691954684,COMPLETE
161,0.00044749164565776787,30,0,180,90,10,0.00020635512257883085,1,1,2,24,0.7999999999999999,0.03420997460787898,COMPLETE
162,0.0014720765873789787,30,0,180,90,10,0.00018062108639838663,1,1,2,24,0.7999999999999999,0.042267108004142726,COMPLETE
163,0.0010139130676786105,30,0,180,90,10,0.0002516204665587303,1,1,2,24,0.7999999999999999,0.03263633160369982,COMPLETE
164,0.002918415640791257,30,0,180,90,10,0.0002119436621944109,1,1,2,24,0.7999999999999999,0.03881198489457436,COMPLETE
165,0.00041649370299031335,30,0,180,90,10,0.0002935281496315557,1,1,2,24,0.7999999999999999,0.03444894154092844,COMPLETE
166,0.00479186245550712,30,0,180,90,10,0.00015197398593562624,1,1,2,24,0.7999999999999999,0.029613161830908234,COMPLETE
167,0.0021330852061510084,40,0,180,90,10,0.00027862823782063255,1,1,2,24,0.7999999999999999,0.043021948129648685,COMPLETE
168,0.0004726672622685631,30,0,150,90,10,0.00022040770355528168,1,1,2,16,0.7999999999999999,0.03682169580724823,COMPLETE
169,0.000882306097385784,30,0,180,90,10,0.00024275195297201346,1,1,2,20,0.7999999999999999,0.031599736050415175,COMPLETE
170,0.0048494783812202515,40,0,150,90,6,0.000174488579202952,1,1,2,24,0.7999999999999999,0.0404269390656477,COMPLETE
171,0.0004747628156716625,30,0,210,90,10,0.0007185242969443417,1,1,2,24,0.7999999999999999,0.03814378755377683,COMPLETE
172,0.0013094679452478886,30,0,210,90,10,0.0005638151572031001,1,1,2,24,0.7999999999999999,0.03597241325130189,COMPLETE
173,0.0014377864388128122,30,0,210,120,10,0.00019076484234470693,1,1,2,24,0.7999999999999999,0.03338116874734762,COMPLETE
174,0.0028372525547941526,30,0,210,90,10,0.0002638331076801714,1,1,2,24,0.7999999999999999,0.015961578102383796,COMPLETE
175,0.01883049214957282,10,0,180,90,12,0.0006385616756256335,1,1,2,24,0.7999999999999999,0.048402210543528355,COMPLETE
176,0.00031667553121224047,30,0,120,60,10,0.0002323915222792411,1,1,2,24,0.7999999999999999,0.039330296528486124,COMPLETE
177,0.0019210831572612126,30,0.1,210,90,10,0.0005181961589566073,1,1,2,24,0.7999999999999999,0.011625939724488448,COMPLETE
178,0.00022350321989506484,50,0,210,90,10,0.0003321510119500536,1,1,0,24,0.7999999999999999,0.0185741382988211,COMPLETE
179,0.0019066901877522469,50,0,210,90,10,0.0003502114829893732,1,1,0,24,0.7999999999999999,0.013006682318446207,COMPLETE
180,0.0011587223783135414,50,0,180,90,10,0.0003311135622872077,1,1,1,16,0.7999999999999999,0.0352345962481145,COMPLETE
181,0.0016193678230047226,50,0,210,90,10,3.36363650935858e-05,1,1,0,24,0.7999999999999999,0.018294061330353127,COMPLETE
182,0.0001789244939573109,50,0,210,90,10,0.0003020432381140989,1,1,2,24,0.7999999999999999,0.020401797698730136,COMPLETE
183,0.0021153879910707474,50,0,210,90,10,0.0003124938848491742,1,1,2,24,0.7999999999999999,0.020591861416279052,COMPLETE
