number,value,params_batch_size,params_delta_min,params_fclayer1,params_fclayer2,params_first_conv_outchann,params_learning_rate,params_max_loss_reset,params_patience_plateau,params_patience_validation,params_second_conv_outchann,params_split_size,params_weight_decay,state
190,2.0075944485142826e-05,50,0.1,180,30,12,0.000841216569605846,1,1,0,20,0.7,0.012834118683231099,COMPLETE
191,0.0006278779357671738,50,0.1,180,30,12,0.0008437506753841615,1,1,0,20,0.7,0.012657878691695747,COMPLETE
192,0.00106820710003376,50,0.1,180,30,12,0.0007791528969638224,1,1,0,20,0.7,0.013674829674040812,COMPLETE
193,0.00010845660697668791,50,0.1,180,30,12,0.0009166665031820188,1,1,0,20,0.7,0.012921810742868335,COMPLETE
194,0.00037741274572908876,50,0.1,180,30,12,0.0008510329873554413,1,1,0,20,0.7,0.01210402913965308,COMPLETE
195,4.289074509870261e-05,50,0.1,180,30,12,0.0009166700295137347,1,1,0,20,0.7,0.010818128433194657,COMPLETE
196,0.0002913269959390163,50,0.1,180,30,12,0.000923193347461802,1,1,0,20,0.75,0.014179029433011662,COMPLETE
197,0.004218021407723427,50,0.1,180,30,12,0.0009989408627807564,1,1,0,20,0.7,0.010957317271438036,COMPLETE
198,0.003409026861190796,50,0.1,180,30,12,1.1102762339547896e-05,1,1,0,20,0.7,0.011679523191950009,COMPLETE
199,1.6329268109984696e-05,50,0.1,180,30,12,0.0008331176862006563,1,1,0,20,0.7,0.012283069574674973,COMPLETE
